# JRE version: Java(TM) SE Runtime Environment (21.0.5+9) (build 21.0.5+9-LTS-239)
# Java VM: Java HotSpot(TM) 64-Bit Server VM (21.0.5+9-LTS-239, mixed mode, sharing, tiered, compressed oops, compressed class ptrs, g1 gc, windows-amd64)
GC Precious Log:
 CardTable entry size: 512
 Card Set container configuration: InlinePtr #cards 5 size 8 Array Of Cards #cards 12 size 40 Howl #buckets 4 coarsen threshold 1843 Howl Bitmap #cards 512 size 80 coarsen threshold 460 Card regions per heap region 1 cards per card region 2048
 CPUs: 4 total, 4 available
 Memory: 3885M
 Large Page Support: Disabled
 NUMA Support: Disabled
 Compressed Oops: Enabled (32-bit)
 Heap Region Size: 1M
 Heap Min Capacity: 8M
 Heap Initial Capacity: 62M
 Heap Max Capacity: 972M
 Pre-touch: Disabled
 Parallel Workers: 4
 Concurrent Workers: 1
 Concurrent Refinement Workers: 4
 Periodic GC: Disabled
Heap:
 garbage-first heap   total 143360K, used 38058K [0x00000000c3400000, 0x0000000100000000)
  region size 1024K, 1 young (1024K), 1 survivors (1024K)
 Metaspace       used 98436K, committed 99328K, reserved 1179648K
  class space    used 12734K, committed 13184K, reserved 1048576K
GC Heap History (20 events):
Event: 7270.827 GC heap after
{Heap after GC invocations=98 (full 0):
 garbage-first heap   total 133120K, used 38050K [0x00000000c3400000, 0x0000000100000000)
  region size 1024K, 1 young (1024K), 1 survivors (1024K)
 Metaspace       used 98386K, committed 99328K, reserved 1179648K
  class space    used 12738K, committed 13184K, reserved 1048576K
}
Event: 7404.726 GC heap before
{Heap before GC invocations=99 (full 0):
 garbage-first heap   total 133120K, used 43170K [0x00000000c3400000, 0x0000000100000000)
  region size 1024K, 6 young (6144K), 1 survivors (1024K)
 Metaspace       used 98372K, committed 99328K, reserved 1179648K
  class space    used 12732K, committed 13184K, reserved 1048576K
}
Event: 7404.736 GC heap after
{Heap after GC invocations=100 (full 0):
 garbage-first heap   total 133120K, used 38038K [0x00000000c3400000, 0x0000000100000000)
  region size 1024K, 1 young (1024K), 1 survivors (1024K)
 Metaspace       used 98372K, committed 99328K, reserved 1179648K
  class space    used 12732K, committed 13184K, reserved 1048576K
}
Event: 7542.755 GC heap before
{Heap before GC invocations=100 (full 0):
 garbage-first heap   total 133120K, used 43158K [0x00000000c3400000, 0x0000000100000000)
  region size 1024K, 6 young (6144K), 1 survivors (1024K)
 Metaspace       used 98372K, committed 99328K, reserved 1179648K
  class space    used 12732K, committed 13184K, reserved 1048576K
}
Event: 7543.398 GC heap after
{Heap after GC invocations=101 (full 0):
 garbage-first heap   total 133120K, used 37643K [0x00000000c3400000, 0x0000000100000000)
  region size 1024K, 1 young (1024K), 1 survivors (1024K)
 Metaspace       used 98372K, committed 99328K, reserved 1179648K
  class space    used 12732K, committed 13184K, reserved 1048576K
}
Event: 7683.472 GC heap before
{Heap before GC invocations=101 (full 0):
 garbage-first heap   total 133120K, used 42763K [0x00000000c3400000, 0x0000000100000000)
  region size 1024K, 6 young (6144K), 1 survivors (1024K)
 Metaspace       used 98376K, committed 99328K, reserved 1179648K
  class space    used 12732K, committed 13184K, reserved 1048576K
}
Event: 7683.557 GC heap after
{Heap after GC invocations=102 (full 0):
 garbage-first heap   total 133120K, used 37583K [0x00000000c3400000, 0x0000000100000000)
  region size 1024K, 1 young (1024K), 1 survivors (1024K)
 Metaspace       used 98376K, committed 99328K, reserved 1179648K
  class space    used 12732K, committed 13184K, reserved 1048576K
}
Event: 7816.497 GC heap before
{Heap before GC invocations=102 (full 0):
 garbage-first heap   total 133120K, used 42703K [0x00000000c3400000, 0x0000000100000000)
  region size 1024K, 6 young (6144K), 1 survivors (1024K)
 Metaspace       used 98376K, committed 99328K, reserved 1179648K
  class space    used 12732K, committed 13184K, reserved 1048576K
}
Event: 7816.538 GC heap after
{Heap after GC invocations=103 (full 0):
 garbage-first heap   total 133120K, used 37583K [0x00000000c3400000, 0x0000000100000000)
  region size 1024K, 1 young (1024K), 1 survivors (1024K)
 Metaspace       used 98376K, committed 99328K, reserved 1179648K
  class space    used 12732K, committed 13184K, reserved 1048576K
}
Event: 12174.024 GC heap before
{Heap before GC invocations=104 (full 0):
 garbage-first heap   total 133120K, used 42703K [0x00000000c3400000, 0x0000000100000000)
  region size 1024K, 6 young (6144K), 1 survivors (1024K)
 Metaspace       used 98392K, committed 99328K, reserved 1179648K
  class space    used 12733K, committed 13184K, reserved 1048576K
}
Event: 12177.322 GC heap after
{Heap after GC invocations=105 (full 0):
 garbage-first heap   total 133120K, used 37664K [0x00000000c3400000, 0x0000000100000000)
  region size 1024K, 1 young (1024K), 1 survivors (1024K)
 Metaspace       used 98392K, committed 99328K, reserved 1179648K
  class space    used 12733K, committed 13184K, reserved 1048576K
}
Event: 12312.516 GC heap before
{Heap before GC invocations=105 (full 0):
 garbage-first heap   total 133120K, used 42784K [0x00000000c3400000, 0x0000000100000000)
  region size 1024K, 6 young (6144K), 1 survivors (1024K)
 Metaspace       used 98404K, committed 99328K, reserved 1179648K
  class space    used 12734K, committed 13184K, reserved 1048576K
}
Event: 12348.409 GC heap after
{Heap after GC invocations=106 (full 0):
 garbage-first heap   total 133120K, used 37672K [0x00000000c3400000, 0x0000000100000000)
  region size 1024K, 1 young (1024K), 1 survivors (1024K)
 Metaspace       used 98404K, committed 99328K, reserved 1179648K
  class space    used 12734K, committed 13184K, reserved 1048576K
}
Event: 12437.135 GC heap before
{Heap before GC invocations=106 (full 0):
 garbage-first heap   total 133120K, used 41768K [0x00000000c3400000, 0x0000000100000000)
  region size 1024K, 6 young (6144K), 1 survivors (1024K)
 Metaspace       used 98427K, committed 99328K, reserved 1179648K
  class space    used 12734K, committed 13184K, reserved 1048576K
}
Event: 12439.877 GC heap after
{Heap after GC invocations=107 (full 0):
 garbage-first heap   total 133120K, used 37845K [0x00000000c3400000, 0x0000000100000000)
  region size 1024K, 1 young (1024K), 1 survivors (1024K)
 Metaspace       used 98427K, committed 99328K, reserved 1179648K
  class space    used 12734K, committed 13184K, reserved 1048576K
}
Event: 12530.500 GC heap before
{Heap before GC invocations=107 (full 0):
 garbage-first heap   total 133120K, used 42965K [0x00000000c3400000, 0x0000000100000000)
  region size 1024K, 6 young (6144K), 1 survivors (1024K)
 Metaspace       used 98436K, committed 99328K, reserved 1179648K
  class space    used 12734K, committed 13184K, reserved 1048576K
}
Event: 12531.825 GC heap after
{Heap after GC invocations=108 (full 0):
 garbage-first heap   total 133120K, used 38128K [0x00000000c3400000, 0x0000000100000000)
  region size 1024K, 1 young (1024K), 1 survivors (1024K)
 Metaspace       used 98436K, committed 99328K, reserved 1179648K
  class space    used 12734K, committed 13184K, reserved 1048576K
}
Event: 12658.170 GC heap before
{Heap before GC invocations=109 (full 0):
 garbage-first heap   total 133120K, used 43248K [0x00000000c3400000, 0x0000000100000000)
  region size 1024K, 6 young (6144K), 1 survivors (1024K)
 Metaspace       used 98436K, committed 99328K, reserved 1179648K
  class space    used 12734K, committed 13184K, reserved 1048576K
}
Event: 12663.855 GC heap after
{Heap after GC invocations=110 (full 0):
 garbage-first heap   total 133120K, used 38167K [0x00000000c3400000, 0x0000000100000000)
  region size 1024K, 1 young (1024K), 1 survivors (1024K)
 Metaspace       used 98436K, committed 99328K, reserved 1179648K
  class space    used 12734K, committed 13184K, reserved 1048576K
}
Event: 12791.333 GC heap before
{Heap before GC invocations=110 (full 0):
 garbage-first heap   total 133120K, used 43287K [0x00000000c3400000, 0x0000000100000000)
  region size 1024K, 6 young (6144K), 1 survivors (1024K)
 Metaspace       used 98436K, committed 99328K, reserved 1179648K
  class space    used 12734K, committed 13184K, reserved 1048576K
}

